
C:\Program Files\Microsoft\jdk-11.0.12.7-hotspot\bin;C:\Windows\system32;C:\Windows;C:\Windows\System32\Wbem;C:\Windows\System32\WindowsPowerShell\v1.0\;C:\Windows\System32\OpenSSH\;C:\Cadence\SPB_16.6\tools\pcb\bin;C:\Cadence\SPB_16.6\tools\bin;C:\Cadence\SPB_16.6\tools\libutil\bin;C:\Cadence\SPB_16.6\tools\fet\bin;C:\Cadence\SPB_16.6\tools\specctra\bin;C:\Cadence\SPB_16.6\tools\pspice;C:\Cadence\SPB_16.6\tools\capture;C:\Cadence\SPB_16.6\openaccess\bin\win32\opt;C:\srecord;C:\Users\Yossi.f\AppData\Roaming\Microsoft\Windows\Start Menu\Programs\Python 3.10;C:\Users\Yossi.f\AppData\Local\Programs\Python\Python310\;C:\Program Files\Microsoft SQL Server\150\Tools\Binn\;C:\Program Files\Microsoft SQL Server\Client SDK\ODBC\170\Tools\Binn\;C:\Program Files\dotnet\;C:\WINDOWS\system32;C:\WINDOWS;C:\WINDOWS\System32\Wbem;C:\WINDOWS\System32\WindowsPowerShell\v1.0\;C:\WINDOWS\System32\OpenSSH\;C:\Program Files\GNU Arm Embedded Toolchain\10 2021.10\bin;C:\Program Files (x86) \PuTTY\;C:\Program Files (x86)\VMware;"C:\Users\Yossi.f\AppData\Local\Microsoft\WindowsApps;C:\Users\Yossi.f\AppData\Local\Programs\Python\Python310\python.exe;C:\srecord;C:\Users\Yossi.f\AppData\Local\Microsoft\WindowsApps;C:\Users\Yossi.f\AppData\Local\Programs\Git\cmd

"step 1"
"step 2"
"step 3"
"step 4"
components\ql-kernel\modem\ims\cn
"step 5"
"step 6"\bin
"step 7"
"step 8"
"step 9"
"step 10"
cleaning...


cleaning done

ECHO is off.
        1 file(s) copied.
        1 file(s) copied.
        1 file(s) copied.
components\ql-config\build\ec200ucn_aa\ql_libs\libql_at.a
1 File(s) copied

C:\ecn200u\tools\win32;C:\ecn200u\tools;C:\ecn200u\prebuilts\win32\nanopb;C:\ecn200u\prebuilts\win32\gcc-rv32-elf\bin;C:\ecn200u\prebuilts\win32\gcc-mips-rda-elf\bin;C:\ecn200u\prebuilts\win32\gcc-arm-none-eabi\bin;C:\ecn200u\prebuilts\win32\python3;C:\ecn200u\prebuilts\win32\cmake\bin;C:\ecn200u\prebuilts\win32\bin;C:\Program Files\Microsoft\jdk-11.0.12.7-hotspot\bin;C:\Windows\system32;C:\Windows;C:\Windows\System32\Wbem;C:\Windows\System32\WindowsPowerShell\v1.0\;C:\Windows\System32\OpenSSH\;C:\Cadence\SPB_16.6\tools\pcb\bin;C:\Cadence\SPB_16.6\tools\bin;C:\Cadence\SPB_16.6\tools\libutil\bin;C:\Cadence\SPB_16.6\tools\fet\bin;C:\Cadence\SPB_16.6\tools\specctra\bin;C:\Cadence\SPB_16.6\tools\pspice;C:\Cadence\SPB_16.6\tools\capture;C:\Cadence\SPB_16.6\openaccess\bin\win32\opt;C:\srecord;C:\Users\Yossi.f\AppData\Roaming\Microsoft\Windows\Start Menu\Programs\Python 3.10;C:\Users\Yossi.f\AppData\Local\Programs\Python\Python310\;C:\Program Files\Microsoft SQL Server\150\Tools\Binn\;C:\Program Files\Microsoft SQL Server\Client SDK\ODBC\170\Tools\Binn\;C:\Program Files\dotnet\;C:\WINDOWS\system32;C:\WINDOWS;C:\WINDOWS\System32\Wbem;C:\WINDOWS\System32\WindowsPowerShell\v1.0\;C:\WINDOWS\System32\OpenSSH\;C:\Program Files\GNU Arm Embedded Toolchain\10 2021.10\bin;C:\Program Files (x86) \PuTTY\;C:\Program Files (x86)\VMware;"C:\Users\Yossi.f\AppData\Local\Microsoft\WindowsApps;C:\Users\Yossi.f\AppData\Local\Programs\Python\Python310\python.exe;C:\srecord;C:\Users\Yossi.f\AppData\Local\Microsoft\WindowsApps;C:\Users\Yossi.f\AppData\Local\Programs\Git\cmd

-- Found Git: C:/Users/Yossi.f/AppData/Local/Programs/Git/cmd/git.exe (found version "2.42.0.windows.2") 
-- QL_APP_FEATURE_FTP ON
-- QL_APP_FEATURE_HTTP ON
-- FEATURE MMS is disabled at core!
-- QL_APP_FEATURE_MMS OFF
-- QL_APP_FEATURE_MQTT ON
-- FIREWALL is disabled at core!
-- QL_APP_FEATURE_FIREWALL OFF
-- QL_APP_FEATURE_SSL ON
-- QL_APP_FEATURE_PING ON
-- QL_APP_FEATURE_NTP ON
-- QL_APP_FEATURE_ALI_LINKSDK ON
-- QL_APP_FEATURE_QCLOUD_IOT ON
-- QL_APP_FEATURE_LBS ON
-- FEATURE QTHSDK is disabled at core!
-- QL_APP_FEATURE_QTHSDK OFF
-- QL_APP_FEATURE_SOCKET ON
-- FEATURE ALIOTSMARTCARD is disabled at core!
-- QL_APP_FEATURE_ALIOTSMARTCARD OFF
-- FEATURE CTSREG is disabled at core!
-- QL_APP_FEATURE_CTSREG OFF
-- QL_APP_FEATURE_FILE ON
-- FEATURE FILE_ZIP is disabled at core!
-- QL_APP_FEATURE_FILE_ZIP OFF
-- QL_APP_FEATURE_LONGI4G ON
-- QL_APP_FEATURE_AUDIO ON
-- QL_APP_FEATURE_AUDIO_RECORD ON
-- FEATURE HEADSET_DET is disabled at core!
-- QL_APP_FEATURE_HEADSET_DET OFF
-- QL_APP_FEATURE_TTS ON
-- QL_APP_FEATURE_EXT_CODEC ON
-- QL_APP_FEATURE_WIFISCAN ON
-- QL_APP_FEATURE_BT ON
-- QL_APP_FEATURE_BT_HFP ON
-- FEATURE BT A2DP & AVRCP is disabled at core!
-- QL_APP_FEATURE_BT_A2DP_AVRCP OFF
-- QL_APP_FEATURE_BLE_GATT ON
-- QL_APP_FEATURE_GNSS ON
-- QL_APP_FEATURE_LCD ON
-- QL_APP_FEATURE_LVGL ON
-- FEATURE MIPI LCD is disabled at core!
-- QL_APP_FEATURE_MIPI_LCD OFF
-- QL_APP_FEATURE_CAMERA ON
-- QL_APP_FEATURE_SIM ON
-- FEATURE DOUBLE SIM is disabled at core!
-- QL_APP_FEATURE_DSIM OFF
-- FEATURE DSSS is disabled at core!
-- QL_APP_FEATURE_DSSS OFF
-- FEATURE PBK is disabled at core!
-- QL_APP_FEATURE_PBK OFF
-- QL_APP_FEATURE_SMS ON
-- QL_APP_FEATURE_VOICE_CALL ON
-- FEATURE VoLTE is disabled at core!
-- QL_APP_FEATURE_VOLTE OFF
-- QL_APP_FEATURE_SPI ON
-- QL_APP_FEATURE_SPI_NOR_FLASH ON
-- FEATURE SPI4_EXT_NOR_SFFS is disabled at core!
-- QL_APP_FEATURE_SPI4_EXT_NOR_SFFS OFF
-- QL_APP_FEATURE_SPI6_EXT_NOR ON
-- QL_APP_FEATURE_SPI_NAND_FLASH ON
-- QL_APP_FEATURE_UART ON
-- QL_APP_FEATURE_RS485 ON
-- QL_APP_FEATURE_LEDCFG ON
-- QL_APP_FEATURE_KEYPAD ON
-- QL_APP_FEATURE_DECODER ON
-- QL_APP_FEATURE_RTC ON
-- QL_APP_FEATURE_SECURE_BOOT OFF
-- QL_APP_FEATURE_USB_CHARGE ON
-- QL_APP_FEATURE_VIRT_AT ON
-- QL_APP_FEATURE_I2C ON
-- QL_APP_FEATURE_USB ON
-- QL_APP_FEATURE_HTTP_FOTA ON
-- QL_APP_FEATURE_FTP_FOTA ON
-- FEATURE JAMDET is disabled at core!
-- QL_APP_FEATURE_JAMDET OFF
-- QL_APP_FEATURE_SDMMC ON
-- QL_APP_FEATURE_PWK ON
-- FEATURE USBNET is disabled at core!
-- QL_APP_FEATURE_USBNET OFF
-- FEATURE FS_NAND_FLASH is disabled at core!
-- QL_APP_FEATURE_FS_NAND_FLASH OFF
-- FEATURE SFTP is disabled at core!
-- QL_APP_FEATURE_SFTP OFF
-- QL_APP_FEATURE_MXML ON
-- QL_APP_FEATURE_EMBED_NOR_FLASH ON
-- FEATURE CLOUDOTA is disabled at core!
-- QL_APP_FEATURE_CLOUDOTA OFF
-- QL_APP_FEATURE_HILINK ON
-- FEATURE GPRS_DATA_TRANSFER is disabled at core!
-- QL_APP_FEATURE_GPRS_DATA_TRANSFER OFF
-- QL_APP_FEATURE_PSM ON
-- FEATURE TP  is disabled at core!
-- QL_APP_FEATURE_TP  OFF
-- FEATURE ALIPAY_IOT_SDK is disabled at core!
-- QL_APP_FEATURE_ALIPAY_IOT_SDK OFF
-- FEATURE MAYILIAN  is disabled at core!
-- QL_APP_FEATURE_MAYILIAN  OFF
-- QL_APP_PACK_FILE ON @ components/ql-config/download/prepack/ql_prepack_tts_gps.json
-- The C compiler identification is GNU 7.2.1
-- The CXX compiler identification is GNU 7.2.1
-- The ASM compiler identification is GNU
-- Found assembler: C:/ecn200u/prebuilts/win32/gcc-arm-none-eabi/bin/arm-none-eabi-gcc.exe
-- Configuring done
-- Generating done
-- Build files have been written to: C:/ecn200u/out/8915DM_cat1_open_release

[1/526] Building C object components/bootloader/CMakeFiles/fdl1_ldscript.dir/ldscripts/ramrun_uimage_arm.ld.obj
[2/526] Building C object components/bootloader/CMakeFiles/boot2_ldscript.dir/ldscripts/ramrun_uimage_arm.ld.obj
[3/526] Building C object components/bootloader/CMakeFiles/fdl2_ldscript.dir/ldscripts/ramrun_uimage_arm.ld.obj
[4/526] Building C object components/bootloader/CMakeFiles/boot_ldscript.dir/ldscripts/ramrun_uimage_arm.ld.obj
[5/526] Building C object components/bootloader/CMakeFiles/flash_test_fdl_ldscript.dir/ldscripts/ramrun_uimage_arm.ld.obj
[6/526] Building ASM object components/fs/fsmount/CMakeFiles/fs_partinfo.dir/partinfo.bin.S.obj
[7/526] Building C object components/fs/fsmount/CMakeFiles/fs_partinfo.dir/src/ql_fs_part_info.c.obj
[8/526] Building C object components/net/mbedtls/CMakeFiles/mbedtls.dir/library/mbed_aesni.c.obj
[9/526] Building C object components/net/mbedtls/CMakeFiles/mbedtls.dir/library/arc4.c.obj
[10/526] Building C object components/net/mbedtls/CMakeFiles/mbedtls.dir/library/aria.c.obj
[11/526] Linking C static library lib\libfs_partinfo.a
[12/526] Building C object components/net/mbedtls/CMakeFiles/mbedtls.dir/library/mbed_aes.c.obj
[13/526] Building C object components/net/mbedtls/CMakeFiles/mbedtls.dir/library/asn1write.c.obj
[14/526] Building C object components/net/mbedtls/CMakeFiles/mbedtls.dir/library/asn1parse.c.obj
[15/526] Building C object components/net/mbedtls/CMakeFiles/mbedtls.dir/library/base64.c.obj
[16/526] Building C object components/net/mbedtls/CMakeFiles/mbedtls.dir/library/chachapoly.c.obj
[17/526] Building C object components/net/mbedtls/CMakeFiles/mbedtls.dir/library/bignum.c.obj
[18/526] Building C object components/net/mbedtls/CMakeFiles/mbedtls.dir/library/ccm.c.obj
[19/526] Building C object components/net/mbedtls/CMakeFiles/mbedtls.dir/library/camellia.c.obj
[20/526] Building C object components/net/mbedtls/CMakeFiles/mbedtls.dir/library/cipher.c.obj
[21/526] Building C object components/net/mbedtls/CMakeFiles/mbedtls.dir/library/chacha20.c.obj
[22/526] Building C object components/net/mbedtls/CMakeFiles/mbedtls.dir/library/blowfish.c.obj
[23/526] Building C object components/net/mbedtls/CMakeFiles/mbedtls.dir/library/poly1305.c.obj
[24/526] Building C object components/net/mbedtls/CMakeFiles/mbedtls.dir/library/mps_reader.c.obj
[25/526] Building C object components/net/mbedtls/CMakeFiles/mbedtls.dir/library/cipher_wrap.c.obj
[26/526] Building C object components/net/mbedtls/CMakeFiles/mbedtls.dir/library/constant_time.c.obj
[27/526] Building C object components/net/mbedtls/CMakeFiles/mbedtls.dir/library/padlock.c.obj
[28/526] Building C object components/net/mbedtls/CMakeFiles/mbedtls.dir/library/nist_kw.c.obj
[29/526] Building C object components/net/mbedtls/CMakeFiles/mbedtls.dir/library/pem.c.obj
[30/526] Building C object components/net/mbedtls/CMakeFiles/mbedtls.dir/library/mps_trace.c.obj
[31/526] Building C object components/net/mbedtls/CMakeFiles/mbedtls.dir/library/oid.c.obj
[32/526] Building C object components/net/mbedtls/CMakeFiles/mbedtls.dir/library/ctr_drbg.c.obj
[33/526] Building C object components/net/mbedtls/CMakeFiles/mbedtls.dir/library/ecdsa.c.obj
[34/526] Building C object components/net/mbedtls/CMakeFiles/mbedtls.dir/library/ecdh.c.obj
[35/526] Building C object components/net/mbedtls/CMakeFiles/mbedtls.dir/library/cmac.c.obj
[36/526] Building C object components/net/mbedtls/CMakeFiles/mbedtls.dir/library/dhm.c.obj
[37/526] Building C object components/net/mbedtls/CMakeFiles/mbedtls.dir/library/ecjpake.c.obj
[38/526] Building C object components/net/mbedtls/CMakeFiles/mbedtls.dir/library/entropy.c.obj
[39/526] Building C object components/net/mbedtls/CMakeFiles/mbedtls.dir/library/des.c.obj
[40/526] Building C object components/net/mbedtls/CMakeFiles/mbedtls.dir/library/ecp_curves.c.obj
[41/526] Building C object components/net/mbedtls/CMakeFiles/mbedtls.dir/library/entropy_poll.c.obj
[42/526] Building C object components/net/mbedtls/CMakeFiles/mbedtls.dir/library/error.c.obj
[43/526] Building C object components/net/mbedtls/CMakeFiles/mbedtls.dir/library/havege.c.obj
[44/526] Building C object components/net/mbedtls/CMakeFiles/mbedtls.dir/library/ecp.c.obj
[45/526] Building C object components/net/mbedtls/CMakeFiles/mbedtls.dir/library/md.c.obj
[46/526] Building C object components/net/mbedtls/CMakeFiles/mbedtls.dir/library/hmac_drbg.c.obj
[47/526] Building C object components/net/mbedtls/CMakeFiles/mbedtls.dir/library/md2.c.obj
[48/526] Building C object components/net/mbedtls/CMakeFiles/mbedtls.dir/library/hkdf.c.obj
[49/526] Building C object components/net/mbedtls/CMakeFiles/mbedtls.dir/library/md4.c.obj
[50/526] Building C object components/net/mbedtls/CMakeFiles/mbedtls.dir/library/md5.c.obj
[51/526] Building C object components/net/mbedtls/CMakeFiles/mbedtls.dir/library/gcm.c.obj
[52/526] Building C object components/net/mbedtls/CMakeFiles/mbedtls.dir/library/memory_buffer_alloc.c.obj
[53/526] Building C object components/net/mbedtls/CMakeFiles/mbedtls.dir/library/pk_wrap.c.obj
[54/526] Building C object components/net/mbedtls/CMakeFiles/mbedtls.dir/library/pkcs12.c.obj
[55/526] Building C object components/net/mbedtls/CMakeFiles/mbedtls.dir/library/pkwrite.c.obj
[56/526] Building C object components/net/mbedtls/CMakeFiles/mbedtls.dir/library/pkcs5.c.obj
[57/526] Building C object components/net/mbedtls/CMakeFiles/mbedtls.dir/library/pk.c.obj
[58/526] Building C object components/net/mbedtls/CMakeFiles/mbedtls.dir/library/pkparse.c.obj
[59/526] Building C object components/net/mbedtls/CMakeFiles/mbedtls.dir/library/platform_util.c.obj
[60/526] Building C object components/net/mbedtls/CMakeFiles/mbedtls.dir/library/platform.c.obj
[61/526] Building C object components/net/mbedtls/CMakeFiles/mbedtls.dir/library/psa_crypto_aead.c.obj
[62/526] Building C object components/net/mbedtls/CMakeFiles/mbedtls.dir/library/psa_crypto_cipher.c.obj
[63/526] Building C object components/net/mbedtls/CMakeFiles/mbedtls.dir/library/psa_crypto_hash.c.obj
[64/526] Building C object components/net/mbedtls/CMakeFiles/mbedtls.dir/library/psa_crypto_ecp.c.obj
[65/526] Building C object components/net/mbedtls/CMakeFiles/mbedtls.dir/library/psa_crypto_driver_wrappers.c.obj
[66/526] Building C object components/net/mbedtls/CMakeFiles/mbedtls.dir/library/psa_crypto.c.obj
[67/526] Building C object components/net/mbedtls/CMakeFiles/mbedtls.dir/library/psa_crypto_mac.c.obj
[68/526] Building C object components/net/mbedtls/CMakeFiles/mbedtls.dir/library/psa_crypto_client.c.obj
[69/526] Building C object components/net/mbedtls/CMakeFiles/mbedtls.dir/library/psa_crypto_rsa.c.obj
[70/526] Building C object components/net/mbedtls/CMakeFiles/mbedtls.dir/library/psa_its_file.c.obj
[71/526] Building C object components/net/mbedtls/CMakeFiles/mbedtls.dir/library/psa_crypto_storage.c.obj
[72/526] Building C object components/net/mbedtls/CMakeFiles/mbedtls.dir/library/psa_crypto_se.c.obj
[73/526] Building C object components/net/mbedtls/CMakeFiles/mbedtls.dir/library/ripemd160.c.obj
[74/526] Building C object components/net/mbedtls/CMakeFiles/mbedtls.dir/library/rsa_internal.c.obj
[75/526] Building C object components/net/mbedtls/CMakeFiles/mbedtls.dir/library/psa_crypto_slot_management.c.obj
[76/526] Building C object components/net/mbedtls/CMakeFiles/mbedtls.dir/library/sha1.c.obj
[77/526] Building C object components/net/mbedtls/CMakeFiles/mbedtls.dir/library/xtea.c.obj
[78/526] Building C object components/net/mbedtls/CMakeFiles/mbedtls.dir/library/mbed_sha256.c.obj
[79/526] Building C object components/net/mbedtls/CMakeFiles/mbedtls.dir/library/version.c.obj
[80/526] Building C object components/net/mbedtls/CMakeFiles/mbedtls.dir/library/timing.c.obj
[81/526] Building C object components/net/mbedtls/CMakeFiles/mbedtls.dir/library/rsa.c.obj
[82/526] Building C object components/net/mbedtls/CMakeFiles/mbedtls.dir/library/threading.c.obj
[83/526] Building C object components/net/mbedtls/CMakeFiles/mbedtls.dir/library/version_features.c.obj
[84/526] Building C object components/net/mbedtls/CMakeFiles/mbedtls.dir/library/pkcs11.c.obj
[85/526] Building C object components/net/mbedtls/CMakeFiles/mbedtls.dir/library/sha512.c.obj
[86/526] Building C object components/net/mbedtls/CMakeFiles/mbedtls.dir/library/certs.c.obj
[87/526] Building C object components/net/mbedtls/CMakeFiles/mbedtls.dir/library/x509.c.obj
[88/526] Building C object components/net/mbedtls/CMakeFiles/mbedtls.dir/library/x509_create.c.obj
[89/526] Building C object components/net/mbedtls/CMakeFiles/mbedtls.dir/library/x509_crl.c.obj
[90/526] Building C object components/net/mbedtls/CMakeFiles/mbedtls.dir/library/x509write_csr.c.obj
[91/526] Building C object components/net/mbedtls/CMakeFiles/mbedtls.dir/library/x509write_crt.c.obj
[92/526] Building C object components/net/mbedtls/CMakeFiles/mbedtls.dir/library/x509_csr.c.obj
[93/526] Building C object components/net/mbedtls/CMakeFiles/mbedtls.dir/library/mbed_debug.c.obj
[94/526] Building C object components/net/mbedtls/CMakeFiles/mbedtls.dir/library/net_sockets.c.obj
[95/526] Building C object components/net/mbedtls/CMakeFiles/mbedtls.dir/library/ssl_ciphersuites.c.obj
[96/526] Building C object components/net/mbedtls/CMakeFiles/mbedtls.dir/library/x509_crt.c.obj
[97/526] Building C object components/net/mbedtls/CMakeFiles/mbedtls.dir/library/ssl_cookie.c.obj
[98/526] Building C object components/net/mbedtls/CMakeFiles/mbedtls.dir/library/ssl_cli.c.obj
[99/526] Building C object components/net/mbedtls/CMakeFiles/mbedtls.dir/library/ssl_cache.c.obj
[100/526] Building C object components/net/mbedtls/CMakeFiles/mbedtls.dir/library/ssl_tls13_keys.c.obj
[101/526] Building C object components/ql-application/mxml/CMakeFiles/ql_app_mxml.dir/src/mxml-attr.c.obj
[102/526] Building C object components/net/mbedtls/CMakeFiles/mbedtls.dir/library/ssl_srv.c.obj
[103/526] Building C object components/net/mbedtls/CMakeFiles/mbedtls.dir/library/ssl_ticket.c.obj
[104/526] Building C object components/net/mbedtls/CMakeFiles/mbedtls.dir/library/ssl_msg.c.obj
[105/526] Building C object components/ql-application/mxml/CMakeFiles/ql_app_mxml.dir/mxml_demo.c.obj
[106/526] Building C object components/ql-application/LinkSDK/CMakeFiles/ql_ali_linkSDK.dir/demos/diag_basic_demo.c.obj
[107/526] Building C object components/net/mbedtls/CMakeFiles/mbedtls.dir/library/ssl_tls.c.obj
[108/526] Building C object components/ql-application/LinkSDK/CMakeFiles/ql_ali_linkSDK.dir/demos/devinfo_posix_demo.c.obj
[109/526] Building C object components/ql-application/LinkSDK/CMakeFiles/ql_ali_linkSDK.dir/demos/dynreg_basic_demo.c.obj
[110/526] Building C object components/ql-application/LinkSDK/CMakeFiles/ql_ali_linkSDK.dir/demos/dynregmq_basic_demo.c.obj
[111/526] Building C object components/ql-application/LinkSDK/CMakeFiles/ql_ali_linkSDK.dir/demos/fota_basic_demo.c.obj
[112/526] Building C object components/ql-application/LinkSDK/CMakeFiles/ql_ali_linkSDK.dir/demos/http_basic_demo.c.obj
[113/526] Building C object components/ql-application/LinkSDK/CMakeFiles/ql_ali_linkSDK.dir/demos/mqtt_broadcast_demo.c.obj
[114/526] Building C object components/ql-application/qcloud-iot/CMakeFiles/ql_qcloud_iot.dir/platform/os/qlrtos/HAL_AT_UART_qlrtos.c.obj
[115/526] Building C object components/ql-application/LinkSDK/CMakeFiles/ql_ali_linkSDK.dir/demos/logpost_basic_demo.c.obj
[116/526] Building C object components/ql-application/LinkSDK/CMakeFiles/ql_ali_linkSDK.dir/demos/mqtt_rrpc_demo.c.obj
[117/526] Building C object components/ql-application/LinkSDK/CMakeFiles/ql_ali_linkSDK.dir/demos/ntp_posix_demo.c.obj
[118/526] Building C object components/ql-application/LinkSDK/CMakeFiles/ql_ali_linkSDK.dir/demos/shadow_basic_demo.c.obj
[119/526] Building C object components/ql-application/qcloud-iot/CMakeFiles/ql_qcloud_iot.dir/platform/os/qlrtos/HAL_TCP_qlrtos.c.obj
[120/526] Building C object components/ql-application/qcloud-iot/CMakeFiles/ql_qcloud_iot.dir/platform/os/qlrtos/HAL_Log_qlrtos.c.obj
[121/526] Building C object components/ql-application/qcloud-iot/CMakeFiles/ql_qcloud_iot.dir/platform/os/qlrtos/HAL_OS_qlrtos.c.obj
[122/526] Building C object components/ql-application/qcloud-iot/CMakeFiles/ql_qcloud_iot.dir/platform/os/qlrtos/HAL_Device_qlrtos.c.obj
[123/526] Building C object components/ql-application/qcloud-iot/CMakeFiles/ql_qcloud_iot.dir/platform/os/qlrtos/HAL_Timer_qlrtos.c.obj
[124/526] Building C object components/ql-application/qcloud-iot/CMakeFiles/ql_qcloud_iot.dir/samples/dynreg_dev/dynreg_dev_sample.c.obj
[125/526] Building C object components/ql-application/qcloud-iot/CMakeFiles/ql_qcloud_iot.dir/samples/data_template/data_template_sample.c.obj
[126/526] Building C object components/ql-application/qcloud-iot/CMakeFiles/ql_qcloud_iot.dir/samples/gateway/gateway_sample.c.obj
[127/526] Building C object components/ql-application/qcloud-iot/CMakeFiles/ql_qcloud_iot.dir/platform/os/qlrtos/HAL_UDP_qlrtos.c.obj
[128/526] Building C object components/ql-application/qcloud-iot/CMakeFiles/ql_qcloud_iot.dir/sdk_src/network/tls/network_tls.c.obj
[129/526] Building C object components/ql-application/qcloud-iot/CMakeFiles/ql_qcloud_iot.dir/samples/gateway/sub_dev001.c.obj
[130/526] Building C object components/ql-application/qcloud-iot/CMakeFiles/ql_qcloud_iot.dir/samples/ota/ota_mqtt_sample.c.obj
[131/526] Building C object components/ql-application/qcloud-iot/CMakeFiles/ql_qcloud_iot.dir/samples/raw_data/raw_data_sample.c.obj
[132/526] Building C object components/ql-application/qcloud-iot/CMakeFiles/ql_qcloud_iot.dir/samples/mqtt/mqtt_sample.c.obj
[133/526] Building C object components/ql-application/qcloud-iot/CMakeFiles/ql_qcloud_iot.dir/sdk_src/network/network_interface.c.obj
[134/526] Building C object components/ql-application/qcloud-iot/CMakeFiles/ql_qcloud_iot.dir/sdk_src/network/socket/network_socket.c.obj
[135/526] Linking C static library lib\libmbedtls.a
[136/526] Building C object components/ql-application/qcloud-iot/CMakeFiles/ql_qcloud_iot.dir/sdk_src/protocol/mqtt/mqtt_client_net.c.obj
[137/526] Building C object components/ql-application/qcloud-iot/CMakeFiles/ql_qcloud_iot.dir/samples/scenarized/light_data_template_sample.c.obj
[138/526] Building C object components/ql-application/qcloud-iot/CMakeFiles/ql_qcloud_iot.dir/sdk_src/protocol/mqtt/mqtt_client_connect.c.obj
[139/526] Building C object components/ql-application/qcloud-iot/CMakeFiles/ql_qcloud_iot.dir/sdk_src/protocol/http/utils_httpc.c.obj
[140/526] Building C object components/ql-application/qcloud-iot/CMakeFiles/ql_qcloud_iot.dir/sdk_src/protocol/mqtt/mqtt_client.c.obj
[141/526] Building C object components/ql-application/qcloud-iot/CMakeFiles/ql_qcloud_iot.dir/sdk_src/protocol/mqtt/mqtt_client_common.c.obj
[142/526] Building C object components/ql-application/qcloud-iot/CMakeFiles/ql_qcloud_iot.dir/sdk_src/protocol/mqtt/mqtt_client_unsubscribe.c.obj
[143/526] Building C object components/ql-application/qcloud-iot/CMakeFiles/ql_qcloud_iot.dir/sdk_src/protocol/mqtt/mqtt_client_subscribe.c.obj
[144/526] Building C object components/ql-application/qcloud-iot/CMakeFiles/ql_qcloud_iot.dir/sdk_src/protocol/mqtt/mqtt_client_publish.c.obj
[145/526] Building C object components/ql-application/qcloud-iot/CMakeFiles/ql_qcloud_iot.dir/sdk_src/protocol/mqtt/mqtt_client_yield.c.obj
[146/526] Building C object components/ql-application/qcloud-iot/CMakeFiles/ql_qcloud_iot.dir/sdk_src/services/data_template/data_template_client_json.c.obj
[147/526] Building C object components/ql-application/qcloud-iot/CMakeFiles/ql_qcloud_iot.dir/sdk_src/services/data_template/data_template_aciton.c.obj
[148/526] Building C object components/ql-application/qcloud-iot/CMakeFiles/ql_qcloud_iot.dir/sdk_src/services/data_template/data_template_client_common.c.obj
[149/526] Building C object components/ql-application/qcloud-iot/CMakeFiles/ql_qcloud_iot.dir/sdk_src/services/data_template/data_template_client.c.obj
[150/526] Building C object components/ql-application/qcloud-iot/CMakeFiles/ql_qcloud_iot.dir/sdk_src/services/data_template/data_template_client_manager.c.obj
[151/526] Building C object components/ql-application/qcloud-iot/CMakeFiles/ql_qcloud_iot.dir/sdk_src/services/data_template/data_template_event.c.obj
[152/526] Building C object components/ql-application/qcloud-iot/CMakeFiles/ql_qcloud_iot.dir/sdk_src/services/gateway/gateway_common.c.obj
[153/526] Building C object components/ql-application/qcloud-iot/CMakeFiles/ql_qcloud_iot.dir/sdk_src/services/dynreg/dynreg.c.obj
[154/526] Building C object components/ql-application/qcloud-iot/CMakeFiles/ql_qcloud_iot.dir/sdk_src/services/ota/ota_fetch.c.obj
[155/526] Building C object components/ql-application/qcloud-iot/CMakeFiles/ql_qcloud_iot.dir/sdk_src/services/ota/ota_client.c.obj
[156/526] Building C object components/ql-application/qcloud-iot/CMakeFiles/ql_qcloud_iot.dir/sdk_src/services/gateway/gateway_api.c.obj
[157/526] Building C object components/ql-application/qcloud-iot/CMakeFiles/ql_qcloud_iot.dir/sdk_src/utils/json_token.c.obj
[158/526] Building C object components/ql-application/qcloud-iot/CMakeFiles/ql_qcloud_iot.dir/sdk_src/services/ota/ota_lib.c.obj
[159/526] Building C object components/ql-application/qcloud-iot/CMakeFiles/ql_qcloud_iot.dir/sdk_src/services/log/log_upload.c.obj
[160/526] Building C object components/ql-application/qcloud-iot/CMakeFiles/ql_qcloud_iot.dir/sdk_src/services/log/log_mqtt.c.obj
[161/526] Building C object components/ql-application/qcloud-iot/CMakeFiles/ql_qcloud_iot.dir/sdk_src/services/system/system_mqtt.c.obj
[162/526] Building C object components/ql-application/qcloud-iot/CMakeFiles/ql_qcloud_iot.dir/sdk_src/services/ota/ota_mqtt.c.obj
[163/526] Building C object components/ql-application/qcloud-iot/CMakeFiles/ql_qcloud_iot.dir/sdk_src/utils/json_parser.c.obj
[164/526] Building C object components/ql-application/qcloud-iot/CMakeFiles/ql_qcloud_iot.dir/sdk_src/utils/qcloud_iot_ca.c.obj
[165/526] Building C object components/ql-application/qcloud-iot/CMakeFiles/ql_qcloud_iot.dir/sdk_src/utils/string_utils.c.obj
[166/526] Building C object components/ql-application/qcloud-iot/CMakeFiles/ql_qcloud_iot.dir/sdk_src/utils/utils_aes.c.obj
[167/526] Building C object components/ql-application/qcloud-iot/CMakeFiles/ql_qcloud_iot.dir/sdk_src/utils/qcloud_iot_log.c.obj
[168/526] Building C object components/ql-application/qcloud-iot/CMakeFiles/ql_qcloud_iot.dir/sdk_src/utils/qcloud_iot_device.c.obj
[169/526] Building C object components/ql-application/qcloud-iot/CMakeFiles/ql_qcloud_iot.dir/sdk_src/utils/utils_hmac.c.obj
[170/526] Building C object components/ql-application/qcloud-iot/CMakeFiles/ql_qcloud_iot.dir/sdk_src/utils/utils_list.c.obj
[171/526] Building C object components/ql-application/qcloud-iot/CMakeFiles/ql_qcloud_iot.dir/sdk_src/utils/utils_base64.c.obj
[172/526] Building C object components/ql-application/qcloud-iot/CMakeFiles/ql_qcloud_iot.dir/sdk_src/utils/utils_md5.c.obj
[173/526] Building C object components/ql-application/qcloud-iot/CMakeFiles/ql_qcloud_iot.dir/sdk_src/utils/utils_getopt.c.obj
[174/526] Building C object components/appstart/CMakeFiles/8915DM_cat1_open_ldscript.dir/__/hal/ldscripts/flashrun.ld.obj
[175/526] Building C object components/ql-application/qcloud-iot/CMakeFiles/ql_qcloud_iot.dir/sdk_src/utils/utils_timer.c.obj
[176/526] Building C object components/ql-application/qcloud-iot/CMakeFiles/ql_qcloud_iot.dir/sdk_src/utils/utils_ringbuff.c.obj
[177/526] Building C object components/ql-application/qcloud-iot/CMakeFiles/ql_qcloud_iot.dir/sdk_src/utils/utils_sha1.c.obj
[178/526] Building C object components/apploader/CMakeFiles/export_list_gen.dir/src/core_export.list.obj
[179/526] Building C object components/ql-application/i2c/CMakeFiles/ql_app_i2c.dir/I2C_demo.c.obj
[180/526] Building C object components/ql-application/sdmmc/CMakeFiles/ql_app_sdmmc.dir/ql_sdmmc_demo.c.obj
[181/526] Building C object components/ql-application/mxml/CMakeFiles/ql_app_mxml.dir/src/mxml-get.c.obj
[182/526] Linking C static library lib\libql_app_i2c.a
[183/526] Building C object components/ql-application/mxml/CMakeFiles/ql_app_mxml.dir/src/mxml-index.c.obj
[184/526] Building C object components/ql-application/mxml/CMakeFiles/ql_app_mxml.dir/src/mxml-node.c.obj
[185/526] Building C object components/ql-application/mxml/CMakeFiles/ql_app_mxml.dir/src/mxml-file.c.obj
[186/526] Building C object components/ql-application/mxml/CMakeFiles/ql_app_mxml.dir/src/mxml-entity.c.obj
[187/526] Generating core_export.o, ../../lib/core_stub.o
core export version 1.0, count 871
[188/526] Building C object components/ql-application/mxml/CMakeFiles/ql_app_mxml.dir/src/mxml-search.c.obj
[189/526] Building C object components/ql-application/mxml/CMakeFiles/ql_app_mxml.dir/src/mxml-private.c.obj
[190/526] Building C object components/ql-application/mxml/CMakeFiles/ql_app_mxml.dir/src/mxml-set.c.obj
[191/526] Building C object components/ql-application/HiLinkSDK/CMakeFiles/ql_app_hilinksdk.dir/adapter/hilink_open_config_adapter.c.obj
[192/526] Building C object components/ql-application/HiLinkSDK/CMakeFiles/ql_app_hilinksdk.dir/adapter/hilink_open_mem_adapter.c.obj
[193/526] Building C object components/ql-application/mxml/CMakeFiles/ql_app_mxml.dir/src/mxml-string.c.obj
[194/526] Building C object components/ql-application/HiLinkSDK/CMakeFiles/ql_app_hilinksdk.dir/adapter/hilink_open_ota_adapter.c.obj
[195/526] Building C object components/ql-application/HiLinkSDK/CMakeFiles/ql_app_hilinksdk.dir/adapter/hilink_open_nan_adapter.c.obj
[196/526] Building C object components/ql-application/HiLinkSDK/CMakeFiles/ql_app_hilinksdk.dir/adapter/hilink_open_str_adapter.c.obj
[197/526] Building C object components/ql-application/HiLinkSDK/CMakeFiles/ql_app_hilinksdk.dir/adapter/hilink_open_socket_adapter.c.obj
[198/526] Building C object components/ql-application/HiLinkSDK/CMakeFiles/ql_app_hilinksdk.dir/adapter/hilink_open_softap_adapter.c.obj
[199/526] Building C object components/apploader/CMakeFiles/apploader.dir/src/app_loader.c.obj
[200/526] Building C object components/ql-application/HiLinkSDK/CMakeFiles/ql_app_hilinksdk.dir/adapter/hilink_open_network_adapter.c.obj
[201/526] Building C object components/ql-application/HiLinkSDK/CMakeFiles/ql_app_hilinksdk.dir/adapter/hilink_open_sys_adapter.c.obj
[202/526] Building C object components/ql-application/HiLinkSDK/CMakeFiles/ql_app_hilinksdk.dir/adapter/hilink_open_timer_adapter.c.obj
[203/526] Building C object components/appstart/CMakeFiles/appstart.dir/src/app_start.c.obj
[204/526] Linking C static library lib\libql_qcloud_iot.a
[205/526] Building C object components/ql-application/HiLinkSDK/CMakeFiles/ql_app_hilinksdk.dir/hilink_ota.c.obj
[206/526] Linking C static library lib\libql_app_mxml.a
[207/526] Linking C static library lib\libapploader.a
[208/526] Building C object components/ql-kernel/ql_at/CMakeFiles/ql_at_cmd_table_gperf.dir/src/ql_at_cmd_table.gperf.obj
[209/526] Building C object components/ql-application/HiLinkSDK/CMakeFiles/ql_app_hilinksdk.dir/hilink_device.c.obj
[210/526] Linking C static library lib\libappstart.a
[211/526] Building C object components/ql-kernel/virt_func/CMakeFiles/oql_core_boot_virt_func.dir/quec_boot_virt_func_bsp.c.obj
[212/526] Building C object components/ql-application/init/CMakeFiles/APPIMAGE_APP_ldscript.dir/__/__/apploader/pack/app_flashimg.ld.obj
[213/526] Generating ../../../lib/ql_hilinksdk.a
[214/526] Building C object components/ql-kernel/drivers/CMakeFiles/ql_spi4_nor_prop.dir/quec_spi_nor_flash_prop.c.obj
[215/526] Linking C static library lib\liboql_core_boot_virt_func.a
[216/526] Building C object components/ql-application/qnewlib/CMakeFiles/ql_newlib.dir/ql_newlib.c.obj
[217/526] Linking C static library lib\libql_spi4_nor_prop.a
[218/526] Building C object components/ql-application/Longi4G/CMakeFiles/ql_app_Longi4G.dir/uart_longi.c.obj
[219/526] Building C object components/ql-application/Longi4G/CMakeFiles/ql_app_Longi4G.dir/LongiMain.c.obj
[220/526] Building C object components/ql-application/nw/CMakeFiles/ql_app_nw.dir/nw_demo.c.obj
[221/526] Linking C static library ..\..\components\newlib\armca5\libql_newlib.a
[222/526] Building C object components/ql-application/nw/CMakeFiles/ql_app_nw.dir/datacall_demo.c.obj
[223/526] Generating hal_spi_flash_prop.h
[224/526] Generating ../../../hex/examples/APPIMAGE_APP_prepack.cpio
[225/526] Building C object components/ql-application/peripheral/CMakeFiles/ql_app_peripheral.dir/gpio_int_demo.c.obj
[226/526] Building C object components/ql-application/peripheral/CMakeFiles/ql_app_peripheral.dir/gpio_demo.c.obj
[227/526] Linking C static library lib\libql_app_nw.a
[228/526] Building C object components/ql-application/peripheral/CMakeFiles/ql_app_peripheral.dir/keypad_demo.c.obj
[229/526] Building C object components/ql-application/peripheral/CMakeFiles/ql_app_peripheral.dir/adc_demo.c.obj
[230/526] Building ASM object components/bootloader/CMakeFiles/bootloader.dir/src/boot_entry_v7a.S.obj
[231/526] Linking C static library lib\libql_app_hilinksdk.a
[232/526] Building C object components/bootloader/CMakeFiles/bootloader.dir/src/boot_sffs_port.c.obj
[233/526] Building C object components/ql-application/init/CMakeFiles/APPIMAGE_APP.dir/ql_init.c.obj
[234/526] Building C object components/bootloader/CMakeFiles/bootloader.dir/src/boot_aes.c.obj
[235/526] Building C object components/bootloader/CMakeFiles/bootloader.dir/src/boot_stub.c.obj
[236/526] Building C object components/bootloader/CMakeFiles/bootloader.dir/src/8910/boot_secure.c.obj
[237/526] Building C object components/bootloader/CMakeFiles/bootloader.dir/src/8910/boot_platform_8910.c.obj
[238/526] Building C object components/bootloader/CMakeFiles/bootloader.dir/src/boot_timer.c.obj
[239/526] Building C object components/bootloader/CMakeFiles/bootloader.dir/src/boot_vfs.c.obj
[240/526] Building C object components/bootloader/CMakeFiles/bootloader.dir/src/boot_mem.c.obj
[241/526] Building C object components/bootloader/CMakeFiles/bootloader.dir/src/boot_irq.c.obj
[242/526] Building C object components/bootloader/CMakeFiles/bootloader.dir/src/boot_debuguart.c.obj
[243/526] Building C object components/bootloader/CMakeFiles/bootloader.dir/src/boot_trace.c.obj
[244/526] Building C object components/bootloader/CMakeFiles/bootloader.dir/src/boot_uart_cmn.c.obj
[245/526] Building C object components/bootloader/CMakeFiles/bootloader.dir/src/boot_fdl_dnld.c.obj
[246/526] Building C object components/bootloader/CMakeFiles/bootloader.dir/src/boot_fdl.c.obj
[247/526] Building C object components/bootloader/CMakeFiles/bootloader.dir/src/boot_uimage.c.obj
[248/526] Building C object components/bootloader/CMakeFiles/bootloader.dir/src/boot_delay.c.obj
[249/526] Building C object components/bootloader/CMakeFiles/bootloader.dir/src/boot_spi_flash.c.obj
[250/526] Building C object components/bootloader/CMakeFiles/bootloader.dir/src/boot_usb_fdl_channel.c.obj
[251/526] Building C object components/bootloader/CMakeFiles/bootloader.dir/src/boot_pdl.c.obj
[252/526] Building C object components/bootloader/CMakeFiles/bootloader.dir/src/boot_udc.c.obj
[253/526] Building C object components/bootloader/CMakeFiles/bootloader.dir/src/boot_pdl_uimage.c.obj
[254/526] Building C object components/bootloader/CMakeFiles/bootloader.dir/src/boot_uart.c.obj
[255/526] Building ASM object components/bootloader/CMakeFiles/fdl2.dir/calibparam.bin.S.obj
[256/526] Building C object components/bootloader/CMakeFiles/bootloader.dir/src/boot_mmu.c.obj
[257/526] Building C object components/bootloader/CMakeFiles/bootloader.dir/src/boot_adi_bus.c.obj
[258/526] Building C object components/bootloader/CMakeFiles/bootloader.dir/src/boot_log.c.obj
[259/526] Building C object components/bootloader/CMakeFiles/fdl1.dir/fdl1/fdl1_main.c.obj
[260/526] Building C object components/bootloader/CMakeFiles/fdl2.dir/fdl2/fdl2_main.c.obj
[261/526] Building C object components/bootloader/CMakeFiles/boot2.dir/boot/boot2_start_8910.c.obj
[262/526] Building C object components/driver/CMakeFiles/driver_lcd.dir/src/lcd/drv_lcd_gc9305.c.obj
[263/526] Building C object components/bootloader/CMakeFiles/flash_test_fdl.dir/flash_test_fdl/flash_test_main.c.obj
[264/526] Building C object components/driver/CMakeFiles/driver_lcd.dir/src/drv_lcd_cfg.c.obj
[265/526] Building C object components/driver/CMakeFiles/driver_lcd.dir/src/lcd/drv_lcd_st7735s.c.obj
[266/526] Building C object components/driver/CMakeFiles/driver_camera.dir/src/image_sensor/image_sensor.c.obj
[267/526] Building C object components/driver/CMakeFiles/driver_lcd.dir/src/lcd/drv_lcd_st7567a.c.obj
[268/526] Building C object components/ql-kernel/drivers/CMakeFiles/oql_core_drv.dir/quec_internal_cfg.c.obj
[269/526] Building C object components/driver/CMakeFiles/driver_camera.dir/src/image_sensor/camera_gc032a.c.obj
[270/526] Building C object components/driver/CMakeFiles/driver_camera.dir/src/image_sensor/camera_gc0310.c.obj
[271/526] Building C object components/ql-kernel/drivers/CMakeFiles/oql_core_drv.dir/quec_pin_cfg_EC200U.c.obj
[272/526] Building C object components/hal/CMakeFiles/hal_prop.dir/src/ql_hal_spi_flash_prop.c.obj
[273/526] Building C object components/driver/CMakeFiles/driver_charge.dir/src/drv_charger.c.obj
[274/526] Building C object components/ql-kernel/drivers/CMakeFiles/oql_core_drv.dir/ql_embed_nor_flash.c.obj
[275/526] Building C object components/ql-kernel/drivers/CMakeFiles/oql_core_drv.dir/quec_pin_init.c.obj
[276/526] Building C object components/ql-kernel/drivers/CMakeFiles/oql_core_drv.dir/quec_customer_cfg.c.obj
[277/526] Linking C static library lib\libhal_prop.a
[278/526] Building C object components/ql-kernel/virt_func/CMakeFiles/oql_core_virt_func.dir/quec_virt_func_bt.c.obj
[279/526] Linking C static library lib\libdriver_camera.a
[280/526] Building C object components/ql-kernel/boot_ex/CMakeFiles/boot_ex_ql_pin.dir/quec_boot_pin_map.c.obj
[281/526] Building C object components/ql-application/peripheral/CMakeFiles/ql_app_peripheral.dir/ql_pin_cfg.c.obj
[282/526] Building C object components/ql-application/peripheral/CMakeFiles/ql_app_peripheral.dir/rs485_demo.c.obj
[283/526] Building C object components/ql-application/peripheral/CMakeFiles/ql_app_peripheral.dir/led_cfg_demo.c.obj
[284/526] Building C object components/ql-kernel/virt_func/CMakeFiles/oql_core_virt_func.dir/quec_virt_func_modem.c.obj
[285/526] Building C object components/ql-kernel/virt_func/CMakeFiles/oql_core_virt_func.dir/quec_virt_func_bsp.c.obj
[286/526] Linking C static library lib\libdriver_lcd.a
[287/526] Linking C static library lib\libdriver_charge.a
[288/526] Generating hex/cat1_UIS8915DM_BB_RF_SS_NoVolte_cus.img, hex/cat1_UIS8915DM_BB_RF_SS_NoVolte_cus_nvitem.bin, hex/cat1_UIS8915DM_BB_RF_SS_NoVolte_cus_prepack.cpio
NVGen_R2.19.0401
Open project...
Save nvitem bin file...
finished
[Status] pass
NVGen_R2.19.0401
Open project...
Save nvitem bin file...
[Warning] File: C:\ecn200u\out\8915DM_cat1_open_release\modemgen\cat1_UIS8915DM_BB_RF_SS_NoVolte_cus\deltanv\delta.nv, Not find nv_ver_flag
Merge Configure NV files   finished
finished
[Status] pass
[289/526] Linking C static library lib\liboql_core_drv.a
[290/526] Linking C static library lib\libboot_ex_ql_pin.a
[291/526] Building C object components/ql-application/osi/CMakeFiles/ql_app_osi.dir/osi_demo.c.obj
[292/526] Building C object components/ql-kernel/virt_func/CMakeFiles/oql_core_virt_func.dir/quec_virt_func_proto_stack.c.obj
[293/526] Linking C static library lib\libql_app_peripheral.a
[294/526] Linking C static library lib\libql_app_osi.a
[295/526] Linking C static library lib\liboql_core_virt_func.a
[296/526] Generating ql_at_cmd_table.h
[297/526] Building C object components/ql-application/dev/CMakeFiles/ql_app_dev.dir/ql_dev_demo.c.obj
[298/526] Linking C static library lib\libql_app_sdmmc.a
[299/526] Building C object components/ql-application/power/CMakeFiles/ql_app_power.dir/power_demo.c.obj
[300/526] Building C object components/ql-application/power/CMakeFiles/ql_app_power.dir/charge_demo.c.obj
[301/526] Building C object components/ql-application/http/CMakeFiles/ql_app_http.dir/https_get_demo.c.obj
[302/526] Building C object components/ql-application/power/CMakeFiles/ql_app_power.dir/psm_demo.c.obj
[303/526] Linking C static library lib\libql_app_dev.a
[304/526] Linking C static library lib\libbootloader.a
[305/526] Building C object components/ql-application/Longi4G/CMakeFiles/ql_app_Longi4G.dir/DLMScrc.c.obj
[306/526] Building C object components/ql-application/Longi4G/CMakeFiles/ql_app_Longi4G.dir/crc.c.obj
[307/526] Linking C static library lib\libql_app_power.a
[308/526] Building C object components/ql-application/http/CMakeFiles/ql_app_http.dir/http_demo.c.obj
[309/526] Building C object components/ql-kernel/ql_at/CMakeFiles/ql_open_at.dir/src/ql_atcmd_handler.c.obj
[310/526] Building C object components/ql-application/Longi4G/CMakeFiles/ql_app_Longi4G.dir/DLMSProtocol.c.obj
[311/526] Building C object components/ql-application/http/CMakeFiles/ql_app_http.dir/http_post_demo.c.obj
[312/526] Building C object components/ql-application/http/CMakeFiles/ql_app_http.dir/http_put_demo.c.obj
[313/526] Building C object components/ql-application/Longi4G/CMakeFiles/ql_app_Longi4G.dir/embed_nor_flash.c.obj
[314/526] Linking C static library lib\libql_open_at.a
[315/526] Building C object components/ql-application/Longi4G/CMakeFiles/ql_app_Longi4G.dir/Wrapper.c.obj
[316/526] Building C object components/ql-application/Longi4G/CMakeFiles/ql_app_Longi4G.dir/gpio_int_demo.c.obj
[317/526] Linking C executable hex\fdl1.elf
[318/526] Building C object components/ql-application/Longi4G/CMakeFiles/ql_app_Longi4G.dir/DlmsPush.c.obj
[319/526] Linking C executable hex\flash_test_fdl.elf
[320/526] Generating lib/all_libs.a
[321/526] Building C object components/ql-application/Longi4G/CMakeFiles/ql_app_Longi4G.dir/sms_demo.c.obj
[322/526] Building C object components/ql-application/fs/CMakeFiles/ql_app_file.dir/ql_fs_demo.c.obj
[323/526] Linking C executable hex\boot2.elf
[324/526] Building CXX object components/appstart/CMakeFiles/8915DM_cat1_open.dir/__/__/cmake/dummy.cpp.obj
[325/526] Building C object components/ql-application/Longi4G/CMakeFiles/ql_app_Longi4G.dir/socket_demo.c.obj
[326/526] Linking C executable hex\fdl2.elf
[327/526] Building C object components/ql-application/tts/CMakeFiles/ql_app_tts.dir/tts_demo2.c.obj
[328/526] Linking C static library lib\libql_app_file.a
[329/526] Generating ../../hex/boot2.img.lzmar
[330/526] Building C object components/ql-application/tts/CMakeFiles/ql_app_tts.dir/tts_demo.c.obj
[331/526] Building C object components/ql-application/bt/CMakeFiles/ql_app_bt.dir/bt_demo.c.obj
[332/526] Building C object components/ql-application/audio/CMakeFiles/ql_app_audio.dir/audio_demo.c.obj
[333/526] Building ASM object components/bootloader/CMakeFiles/boot.dir/boot2.img.lzmar.S.obj
[334/526] Linking C static library lib\libql_app_tts.a
[335/526] Linking C static library lib\libql_app_Longi4G.a
[336/526] Building C object components/ql-application/bt/CMakeFiles/ql_app_ble_gatt.dir/ble_gatt_demo.c.obj
[337/526] Linking C static library lib\libql_app_audio.a
[338/526] Building C object components/ql-application/bt/CMakeFiles/ql_app_bt_hfp.dir/bt_hfp_demo.c.obj
[339/526] Linking C static library lib\libql_app_bt.a
[340/526] Linking C static library lib\libql_app_http.a
[341/526] Building C object components/bootloader/CMakeFiles/boot.dir/boot/boot_start_8910.c.obj
[342/526] Building C object components/ql-application/gnss/CMakeFiles/ql_app_gnss.dir/gnss_demo.c.obj
[343/526] Linking C static library lib\libql_app_ble_gatt.a
[344/526] Building C object components/ql-application/ftp/CMakeFiles/ql_app_ftp.dir/ftp_demo.c.obj
[345/526] Linking C static library lib\libql_app_bt_hfp.a
[346/526] Linking C static library lib\libql_app_gnss.a
[347/526] Linking C static library lib\libql_app_ftp.a
[348/526] Building C object components/ql-application/ping/CMakeFiles/ql_app_ping.dir/ping_demo.c.obj
[349/526] Building C object components/ql-application/mqtt/CMakeFiles/ql_app_mqtt.dir/mqtt_demo.c.obj
[350/526] Building C object components/ql-application/ntp/CMakeFiles/ql_app_ntp.dir/ntp_demo.c.obj
[351/526] Linking C static library lib\libql_app_ping.a
[352/526] Building C object components/ql-application/ssl/CMakeFiles/ql_app_ssl.dir/ssl_demo.c.obj
[353/526] Linking C static library lib\libql_app_mqtt.a
[354/526] Linking C static library lib\libql_app_ntp.a
[355/526] Linking C executable hex\boot.elf
[356/526] Building C object components/ql-application/lbs/CMakeFiles/ql_app_lbs.dir/lbs_wifi_demo.c.obj
[357/526] Building C object components/ql-application/lcd/CMakeFiles/ql_app_lcd.dir/lcd_demo.c.obj
[358/526] Building C object components/ql-application/lbs/CMakeFiles/ql_app_lbs.dir/lbs_demo.c.obj
[359/526] Linking C static library lib\libql_app_ssl.a
[360/526] Linking C static library lib\libql_app_lcd.a
[361/526] Linking C static library lib\libql_app_lbs.a
[362/526] Building C object components/ql-application/socket/CMakeFiles/ql_app_socket.dir/socket_demo.c.obj
[363/526] Building C object components/ql-application/lvgl_lib/CMakeFiles/lvgl.dir/lvgl/src/lv_core/lv_group.c.obj
[364/526] Building C object components/ql-application/lvgl_lib/CMakeFiles/lvgl.dir/lvgl/src/lv_core/lv_disp.c.obj
[365/526] Building C object components/ql-application/lvgl_lib/CMakeFiles/lvgl.dir/lvgl/src/lv_core/lv_indev.c.obj
[366/526] Linking C static library lib\libql_app_socket.a
[367/526] Building C object components/ql-application/lvgl_lib/CMakeFiles/lvgl.dir/lvgl/src/lv_draw/lv_draw.c.obj
[368/526] Building C object components/ql-application/lvgl_lib/CMakeFiles/lvgl.dir/lvgl/src/lv_draw/lv_draw_basic.c.obj
[369/526] Building C object components/ql-application/lvgl_lib/CMakeFiles/lvgl.dir/lvgl/src/lv_core/lv_obj.c.obj
[370/526] Building C object components/ql-application/lvgl_lib/CMakeFiles/lvgl.dir/lvgl/src/lv_core/lv_style.c.obj
[371/526] Building C object components/ql-application/lvgl_lib/CMakeFiles/lvgl.dir/lvgl/src/lv_core/lv_refr.c.obj
[372/526] Building C object components/ql-application/lvgl_lib/CMakeFiles/lvgl.dir/lvgl/src/lv_core/lv_debug.c.obj
[373/526] Building C object components/ql-application/lvgl_lib/CMakeFiles/lvgl.dir/lvgl/src/lv_draw/lv_draw_img.c.obj
[374/526] Building C object components/ql-application/lvgl_lib/CMakeFiles/lvgl.dir/lvgl/src/lv_draw/lv_draw_label.c.obj
[375/526] Building C object components/ql-application/lvgl_lib/CMakeFiles/lvgl.dir/lvgl/src/lv_draw/lv_draw_line.c.obj
[376/526] Building C object components/ql-application/lvgl_lib/CMakeFiles/lvgl.dir/lvgl/src/lv_font/lv_font.c.obj
[377/526] Building C object components/ql-application/wifi_scan/CMakeFiles/ql_app_wifi_scan.dir/wifi_scan_demo.c.obj
[378/526] Building C object components/ql-application/camera/CMakeFiles/ql_app_camera.dir/camera_demo.c.obj
[379/526] Building C object components/ql-application/lvgl_lib/CMakeFiles/lvgl.dir/lvgl/src/lv_draw/lv_draw_arc.c.obj
[380/526] Building C object components/ql-application/lvgl_lib/CMakeFiles/lvgl.dir/lvgl/src/lv_draw/lv_draw_rect.c.obj
[381/526] Building C object components/ql-application/lvgl_lib/CMakeFiles/lvgl.dir/lvgl/src/lv_draw/lv_draw_triangle.c.obj
[382/526] Linking C static library lib\libql_app_camera.a
[383/526] Building C object components/ql-application/lvgl_lib/CMakeFiles/lvgl.dir/lvgl/src/lv_draw/lv_img_cache.c.obj
[384/526] Building C object components/ql-application/lvgl_lib/CMakeFiles/lvgl.dir/lvgl/src/lv_draw/lv_img_decoder.c.obj
[385/526] Building C object components/ql-application/lvgl_lib/CMakeFiles/lvgl.dir/lvgl/src/lv_font/lv_font_fmt_txt.c.obj
[386/526] Building C object components/ql-application/lvgl_lib/CMakeFiles/lvgl.dir/lvgl/src/lv_hal/lv_hal_tick.c.obj
[387/526] Building C object components/ql-application/lvgl_lib/CMakeFiles/lvgl.dir/lvgl/src/lv_misc/lv_circ.c.obj
[388/526] Building C object components/ql-application/lvgl_lib/CMakeFiles/lvgl.dir/lvgl/src/lv_hal/lv_hal_indev.c.obj
[389/526] Building C object components/ql-application/lvgl_lib/CMakeFiles/lvgl.dir/lvgl/src/lv_hal/lv_hal_disp.c.obj
[390/526] Building C object components/ql-application/lvgl_lib/CMakeFiles/lvgl.dir/lvgl/src/lv_font/lv_font_roboto_22.c.obj
[391/526] Building C object components/ql-application/lvgl_lib/CMakeFiles/lvgl.dir/lvgl/src/lv_font/lv_font_roboto_28.c.obj
[392/526] Building C object components/ql-application/lvgl_lib/CMakeFiles/lvgl.dir/lvgl/src/lv_misc/lv_area.c.obj
[393/526] Building C object components/ql-application/lvgl_lib/CMakeFiles/lvgl.dir/lvgl/src/lv_font/lv_font_roboto_16.c.obj
[394/526] Building C object components/ql-application/lvgl_lib/CMakeFiles/lvgl.dir/lvgl/src/lv_misc/lv_anim.c.obj
[395/526] Building C object components/ql-application/lvgl_lib/CMakeFiles/lvgl.dir/lvgl/src/lv_font/lv_font_roboto_12.c.obj
[396/526] Building C object components/ql-application/lvgl_lib/CMakeFiles/lvgl.dir/lvgl/src/lv_misc/lv_color.c.obj
[397/526] Building C object components/ql-application/lvgl_lib/CMakeFiles/lvgl.dir/lvgl/src/lv_misc/lv_math.c.obj
[398/526] Building C object components/ql-application/lvgl_lib/CMakeFiles/lvgl.dir/lvgl/src/lv_misc/lv_txt.c.obj
[399/526] Building C object components/ql-application/lvgl_lib/CMakeFiles/lvgl.dir/lvgl/src/lv_misc/lv_task.c.obj
[400/526] Building C object components/ql-application/lvgl_lib/CMakeFiles/lvgl.dir/lvgl/src/lv_misc/lv_fs.c.obj
[401/526] Building C object components/ql-application/lvgl_lib/CMakeFiles/lvgl.dir/lvgl/src/lv_misc/lv_mem.c.obj
[402/526] Building C object components/ql-application/lvgl_lib/CMakeFiles/lvgl.dir/lvgl/src/lv_misc/lv_async.c.obj
[403/526] Building C object components/ql-application/lvgl_lib/CMakeFiles/lvgl.dir/lvgl/src/lv_misc/lv_ll.c.obj
[404/526] Building C object components/ql-application/lvgl_lib/CMakeFiles/lvgl.dir/lvgl/src/lv_font/lv_font_unscii_8.c.obj
[405/526] Building C object components/ql-application/lvgl_lib/CMakeFiles/lvgl.dir/lvgl/src/lv_misc/lv_gc.c.obj
[406/526] Building C object components/ql-application/lvgl_lib/CMakeFiles/lvgl.dir/lvgl/src/lv_misc/lv_log.c.obj
[407/526] Building C object components/ql-application/lvgl_lib/CMakeFiles/lvgl.dir/lvgl/src/lv_misc/lv_utils.c.obj
[408/526] Building C object components/ql-application/lvgl_lib/CMakeFiles/lvgl.dir/lvgl/src/lv_misc/lv_printf.c.obj
[409/526] Building C object components/ql-application/lvgl_lib/CMakeFiles/lvgl.dir/lvgl/src/lv_misc/lv_bidi.c.obj
[410/526] Building C object components/ql-application/lvgl_lib/CMakeFiles/lvgl.dir/lvgl/src/lv_objx/lv_bar.c.obj
[411/526] Building C object components/ql-application/lvgl_lib/CMakeFiles/lvgl.dir/lvgl/src/lv_objx/lv_cb.c.obj
[412/526] Building C object components/ql-application/lvgl_lib/CMakeFiles/lvgl.dir/lvgl/src/lv_objx/lv_line.c.obj
[413/526] Building C object components/ql-application/lvgl_lib/CMakeFiles/lvgl.dir/lvgl/src/lv_objx/lv_arc.c.obj
[414/526] Building C object components/ql-application/lvgl_lib/CMakeFiles/lvgl.dir/lvgl/src/lv_objx/lv_cpicker.c.obj
[415/526] Building C object components/ql-application/lvgl_lib/CMakeFiles/lvgl.dir/lvgl/src/lv_objx/lv_ddlist.c.obj
[416/526] Building C object components/ql-application/lvgl_lib/CMakeFiles/lvgl.dir/lvgl/src/lv_objx/lv_mbox.c.obj
[417/526] Building C object components/ql-application/lvgl_lib/CMakeFiles/lvgl.dir/lvgl/src/lv_objx/lv_kb.c.obj
[418/526] Building C object components/ql-application/lvgl_lib/CMakeFiles/lvgl.dir/lvgl/src/lv_objx/lv_tabview.c.obj
[419/526] Building C object components/ql-application/lvgl_lib/CMakeFiles/lvgl.dir/lvgl/src/lv_objx/lv_preload.c.obj
[420/526] Building C object components/ql-application/lvgl_lib/CMakeFiles/lvgl.dir/lvgl/src/lv_objx/lv_canvas.c.obj
[421/526] Building C object components/ql-application/lvgl_lib/CMakeFiles/lvgl.dir/lvgl/src/lv_objx/lv_table.c.obj
[422/526] Building C object components/ql-application/lvgl_lib/CMakeFiles/lvgl.dir/lvgl/src/lv_objx/lv_roller.c.obj
[423/526] Building C object components/ql-application/lvgl_lib/CMakeFiles/lvgl.dir/lvgl/src/lv_objx/lv_tileview.c.obj
[424/526] Building C object components/ql-application/lvgl_lib/CMakeFiles/lvgl.dir/lvgl/src/lv_objx/lv_chart.c.obj
[425/526] Building C object components/ql-application/lvgl_lib/CMakeFiles/lvgl.dir/lvgl/src/lv_objx/lv_btn.c.obj
[426/526] Building C object components/ql-application/lvgl_lib/CMakeFiles/lvgl.dir/lvgl/src/lv_objx/lv_calendar.c.obj
[427/526] Building C object components/ql-application/lvgl_lib/CMakeFiles/lvgl.dir/lvgl/src/lv_objx/lv_label.c.obj
[428/526] Building C object components/ql-application/lvgl_lib/CMakeFiles/lvgl.dir/lvgl/src/lv_objx/lv_slider.c.obj
[429/526] Building C object components/ql-application/lvgl_lib/CMakeFiles/lvgl.dir/lvgl/src/lv_objx/lv_list.c.obj
[430/526] Building C object components/ql-application/lvgl_lib/CMakeFiles/lvgl.dir/lvgl/src/lv_objx/lv_img.c.obj
[431/526] Building C object components/ql-application/lvgl_lib/CMakeFiles/lvgl.dir/lvgl/src/lv_objx/lv_gauge.c.obj
[432/526] Building C object components/ql-application/lvgl_lib/CMakeFiles/lvgl.dir/lvgl/src/lv_objx/lv_cont.c.obj
[433/526] Building C object components/ql-application/lvgl_lib/CMakeFiles/lvgl.dir/lvgl/src/lv_objx/lv_spinbox.c.obj
[434/526] Building C object components/ql-application/lvgl_lib/CMakeFiles/lvgl.dir/lvgl/src/lv_objx/lv_btnm.c.obj
[435/526] Building C object components/ql-application/lvgl_lib/CMakeFiles/lvgl.dir/lvgl/src/lv_objx/lv_ta.c.obj
[436/526] Building C object components/ql-application/lvgl_lib/CMakeFiles/lvgl.dir/lvgl/src/lv_objx/lv_led.c.obj
[437/526] Building C object components/ql-application/lvgl_lib/CMakeFiles/lvgl.dir/lvgl/src/lv_themes/lv_theme.c.obj
[438/526] Building C object components/ql-application/lvgl_lib/CMakeFiles/lvgl.dir/lvgl/src/lv_themes/lv_theme_default.c.obj
[439/526] Building C object components/ql-application/lvgl_lib/CMakeFiles/lvgl.dir/lvgl/src/lv_objx/lv_lmeter.c.obj
[440/526] Building C object components/ql-application/lvgl_lib/CMakeFiles/lvgl.dir/lvgl/src/lv_objx/lv_imgbtn.c.obj
[441/526] Building C object components/ql-application/lvgl_lib/CMakeFiles/lvgl.dir/lvgl/src/lv_objx/lv_sw.c.obj
[442/526] Building C object components/ql-application/lvgl_lib/CMakeFiles/lvgl.dir/lvgl/src/lv_objx/lv_page.c.obj
[443/526] Building C object components/ql-application/lvgl_lib/CMakeFiles/lvgl.dir/lvgl/src/lv_themes/lv_theme_alien.c.obj
[444/526] Building C object components/ql-application/lvgl_lib/CMakeFiles/lvgl.dir/lvgl/src/lv_themes/lv_theme_templ.c.obj
[445/526] Linking C static library lib\libql_app_wifi_scan.a
[446/526] Building C object components/ql-application/lvgl_lib/CMakeFiles/lvgl.dir/lvgl/src/lv_objx/lv_win.c.obj
[447/526] Building C object components/ql-application/lvgl_lib/CMakeFiles/lvgl.dir/lvgl/src/lv_themes/lv_theme_zen.c.obj
[448/526] Building C object components/ql-application/lvgl_lib/CMakeFiles/lvgl.dir/lvgl/src/lv_themes/lv_theme_nemo.c.obj
[449/526] Building C object components/ql-application/lvgl_lib/CMakeFiles/lvgl.dir/lvgl/src/lv_themes/lv_theme_night.c.obj
[450/526] Building C object components/ql-application/lvgl_lib/CMakeFiles/lvgl.dir/lvgl/src/lv_themes/lv_theme_material.c.obj
[451/526] Building C object components/ql-application/lvgl_lib/CMakeFiles/lvgl.dir/lvgl/src/lv_themes/lv_theme_mono.c.obj
[452/526] Linking CXX executable hex\8915DM_cat1_open.elf
[453/526] Building C object components/ql-application/LinkSDK/CMakeFiles/ql_ali_linkSDK.dir/demos/data_model_basic_demo.c.obj
[454/526] Building C object components/ql-application/sim/CMakeFiles/ql_app_sim.dir/ql_sim_demo.c.obj
[455/526] Building C object components/ql-application/LinkSDK/CMakeFiles/ql_ali_linkSDK.dir/demos/cota_basic_demo.c.obj
[456/526] Building C object components/ql-application/LinkSDK/CMakeFiles/ql_ali_linkSDK.dir/demos/bootstrap_posix_demo.c.obj
[457/526] Building C object components/ql-application/sms/CMakeFiles/ql_app_sms.dir/sms_demo.c.obj
[458/526] Linking C static library lib\libql_app_sim.a
[459/526] Building C object components/ql-application/LinkSDK/CMakeFiles/ql_ali_linkSDK.dir/demos/mqtt_basic_demo.c.obj
[460/526] Building C object components/ql-application/LinkSDK/CMakeFiles/ql_ali_linkSDK.dir/demos/das_basic_demo.c.obj
[461/526] Building C object components/ql-application/lvgl/CMakeFiles/ql_app_lvgl.dir/lvgl_demo.c.obj
[462/526] Building C object components/ql-application/voice_call/CMakeFiles/ql_app_voice_call.dir/voice_call_demo.c.obj
[463/526] Linking C static library lib\libql_app_sms.a
[464/526] Building C object components/ql-application/spi_nor_flash/CMakeFiles/ql_app_spi_nor_flash.dir/spi_nor_flash_demo.c.obj
[465/526] Building C object components/ql-application/spi6_ext_nor_flash/CMakeFiles/ql_app_spi6_ext_nor_flash.dir/spi6_ext_nor_flash_demo.c.obj
[466/526] Building C object components/ql-application/spi/CMakeFiles/ql_app_spi.dir/spi_demo.c.obj
[467/526] Linking C static library lib\libql_app_voice_call.a
[468/526] Building C object components/ql-application/spi_nand_flash/CMakeFiles/ql_app_spi_nand_flash.dir/spi_nand_flash_demo.c.obj
[469/526] Linking C static library lib\libql_app_spi6_ext_nor_flash.a
[470/526] Linking C static library lib\libql_app_spi_nor_flash.a
[471/526] Building C object components/ql-application/decoder/CMakeFiles/ql_app_decoder.dir/decoder_demo.c.obj
[472/526] Linking C static library lib\libql_app_spi.a
[473/526] Building C object components/ql-application/rtc/CMakeFiles/ql_app_rtc.dir/ql_rtc_demo.c.obj
[474/526] Linking C static library lib\libql_app_spi_nand_flash.a
[475/526] Building C object components/ql-application/LinkSDK/CMakeFiles/ql_ali_linkSDK.dir/core/utils/core_auth.c.obj
[476/526] Building C object components/ql-application/http_fota/CMakeFiles/ql_app_http_fota.dir/fota_http_demo.c.obj
[477/526] Linking C static library lib\libql_app_decoder.a
[478/526] Building C object components/ql-application/ftp_fota/CMakeFiles/ql_app_ftp_fota.dir/fota_ftp_demo.c.obj
[479/526] Building C object components/ql-application/LinkSDK/CMakeFiles/ql_ali_linkSDK.dir/core/utils/core_diag.c.obj
[480/526] Building C object components/ql-application/LinkSDK/CMakeFiles/ql_ali_linkSDK.dir/core/utils/core_global.c.obj
[481/526] Linking C static library lib\libql_app_rtc.a
[482/526] Building C object components/ql-application/LinkSDK/CMakeFiles/ql_ali_linkSDK.dir/core/utils/core_sha256.c.obj
[483/526] Linking C static library lib\libql_app_http_fota.a
[484/526] Linking C static library lib\libql_app_ftp_fota.a
[485/526] Building C object components/ql-application/LinkSDK/CMakeFiles/ql_ali_linkSDK.dir/core/utils/core_string.c.obj
[486/526] Building C object components/ql-application/LinkSDK/CMakeFiles/ql_ali_linkSDK.dir/core/aiot_state_api.c.obj
[487/526] Building C object components/ql-application/LinkSDK/CMakeFiles/ql_ali_linkSDK.dir/core/utils/core_http.c.obj
[488/526] Linking C static library lib\liblvgl.a
[489/526] Building C object components/ql-application/LinkSDK/CMakeFiles/ql_ali_linkSDK.dir/core/utils/core_log.c.obj
[490/526] Building C object components/ql-application/LinkSDK/CMakeFiles/ql_ali_linkSDK.dir/external/ali_ca_cert.c.obj
[491/526] Building C object components/ql-application/LinkSDK/CMakeFiles/ql_ali_linkSDK.dir/core/sysdep/core_sysdep.c.obj
[492/526] Building C object components/ql-application/LinkSDK/CMakeFiles/ql_ali_linkSDK.dir/core/aiot_http_api.c.obj
[493/526] Linking C static library lib\libql_app_lvgl.a
[494/526] Building C object components/ql-application/LinkSDK/CMakeFiles/ql_ali_linkSDK.dir/components/data-model/aiot_dm_api.c.obj
[495/526] Building C object components/ql-application/LinkSDK/CMakeFiles/ql_ali_linkSDK.dir/core/aiot_mqtt_api.c.obj
[496/526] Building C object components/ql-application/LinkSDK/CMakeFiles/ql_ali_linkSDK.dir/components/bootstrap/aiot_bootstrap_api.c.obj
[497/526] Building C object components/ql-application/LinkSDK/CMakeFiles/ql_ali_linkSDK.dir/components/devinfo/aiot_devinfo_api.c.obj
[498/526] Building C object components/ql-application/LinkSDK/CMakeFiles/ql_ali_linkSDK.dir/components/ota/ota_md5.c.obj
[499/526] Building C object components/ql-application/LinkSDK/CMakeFiles/ql_ali_linkSDK.dir/components/shadow/aiot_shadow_api.c.obj
[500/526] Building C object components/ql-application/LinkSDK/CMakeFiles/ql_ali_linkSDK.dir/components/ntp/aiot_ntp_api.c.obj
[501/526] Building C object components/ql-application/LinkSDK/CMakeFiles/ql_ali_linkSDK.dir/components/logpost/aiot_logpost_api.c.obj
[502/526] Building C object components/ql-application/LinkSDK/CMakeFiles/ql_ali_linkSDK.dir/components/ota/aiot_ota_api.c.obj
[503/526] Building C object components/ql-application/LinkSDK/CMakeFiles/ql_ali_linkSDK.dir/components/das/src/core/proto/pb_decode.c.obj
[504/526] Building C object components/ql-application/LinkSDK/CMakeFiles/ql_ali_linkSDK.dir/components/das/src/core/proto/lsoc.pb.c.obj
[505/526] Building C object components/ql-application/LinkSDK/CMakeFiles/ql_ali_linkSDK.dir/components/diag/aiot_diag_api.c.obj
[506/526] Building C object components/ql-application/LinkSDK/CMakeFiles/ql_ali_linkSDK.dir/components/das/src/core/proto/pb_common.c.obj
[507/526] Building C object components/ql-application/LinkSDK/CMakeFiles/ql_ali_linkSDK.dir/components/das/src/core/das_core.c.obj
[508/526] Building C object components/ql-application/LinkSDK/CMakeFiles/ql_ali_linkSDK.dir/components/das/src/core/utils.c.obj
[509/526] Building C object components/ql-application/LinkSDK/CMakeFiles/ql_ali_linkSDK.dir/components/das/src/core/sha1.c.obj
[510/526] Building C object components/ql-application/LinkSDK/CMakeFiles/ql_ali_linkSDK.dir/components/das/src/core/das_attest.c.obj
[511/526] Building C object components/ql-application/LinkSDK/CMakeFiles/ql_ali_linkSDK.dir/components/das/src/service/service_rom.c.obj
[512/526] Building C object components/ql-application/LinkSDK/CMakeFiles/ql_ali_linkSDK.dir/components/das/src/core/proto/pb_encode.c.obj
[513/526] Building C object components/ql-application/LinkSDK/CMakeFiles/ql_ali_linkSDK.dir/components/das/src/service/service_sys.c.obj
[514/526] Building C object components/ql-application/LinkSDK/CMakeFiles/ql_ali_linkSDK.dir/components/das/src/service/service.c.obj
[515/526] Building C object components/ql-application/LinkSDK/CMakeFiles/ql_ali_linkSDK.dir/components/das/src/service/service_lwip_nfi.c.obj
[516/526] Building C object components/ql-application/LinkSDK/CMakeFiles/ql_ali_linkSDK.dir/components/das/aiot_das_api.c.obj
[517/526] Building C object components/ql-application/LinkSDK/CMakeFiles/ql_ali_linkSDK.dir/components/dynreg-mqtt/aiot_dynregmq_api.c.obj
[518/526] Building C object components/ql-application/LinkSDK/CMakeFiles/ql_ali_linkSDK.dir/components/dynreg/aiot_dynreg_api.c.obj
[519/526] Building C object components/ql-application/LinkSDK/CMakeFiles/ql_ali_linkSDK.dir/components/subdev/aiot_subdev_api.c.obj
[520/526] Building C object components/ql-application/LinkSDK/CMakeFiles/ql_ali_linkSDK.dir/portfiles/adapt_ql_port.c.obj
[521/526] Linking C static library lib\libql_ali_linkSDK.a
[522/526] Linking C executable hex\examples\APPIMAGE_APP.elf
[523/526] Generating hex/fdl1.sign.img, hex/fdl2.sign.img, hex/boot.sign.img, hex/8915DM_cat1_open.sign.img, hex/examples/APPIMAGE_APP.sign.img
[524/526] Generating hex/appimg_flash_delete.pac
[525/526] Generating ../../../hex/examples/APPIMAGE_APP.pac
[526/526] Generating hex/8915DM_cat1_open-cat1_UIS8915DM_BB_RF_SS_NoVolte_cus-release.pac


********************        PASS         ***********************
**************   build ended successfully   ********************
********************        PASS         ***********************


ec200ucn_aa APPIMAGE release NOVOLTE SINGLESIM 

.\hex\8915DM_cat1_open-cat1_UIS8915DM_BB_RF_SS_NoVolte_cus-release.pac
.\hex\8915DM_cat1_open-cat1_UIS8915DM_BB_RF_SS_NoVolte_cus-release.pac.d
.\hex\8915DM_cat1_open.elf
.\hex\8915DM_cat1_open.img
.\hex\8915DM_cat1_open.map
.\hex\8915DM_cat1_open.sign.img
.\hex\appimg_flash_delete.pac
.\hex\boot.elf
.\hex\boot.img
.\hex\boot.map
.\hex\boot.sign.img
.\hex\boot2.elf
.\hex\boot2.img
.\hex\boot2.img.lzmar
.\hex\boot2.map
.\hex\cat1_UIS8915DM_BB_RF_SS_NoVolte_cus.img
.\hex\cat1_UIS8915DM_BB_RF_SS_NoVolte_cus_nvitem.bin
.\hex\cat1_UIS8915DM_BB_RF_SS_NoVolte_cus_prepack.cpio
.\hex\fdl1.elf
.\hex\fdl1.img
.\hex\fdl1.map
.\hex\fdl1.sign.img
.\hex\fdl2.elf
.\hex\fdl2.img
.\hex\fdl2.map
.\hex\fdl2.sign.img
.\hex\flash_test_fdl.elf
.\hex\flash_test_fdl.img
.\hex\flash_test_fdl.map
.\hex\partinfo.bin
30 File(s) copied
        1 file(s) moved.
        1 file(s) moved.
C:\ecn200u\target\ec200ucn_aa_APPIMAGE\prepack\8915DM_cat1_open-cat1_UIS8915DM_BB_RF_SS_NoVolte_cus-release.pac
        1 file(s) moved.
.\target.cmake
1 File(s) copied
.\hex\examples\APPIMAGE_APP.elf
.\hex\examples\APPIMAGE_APP.img
.\hex\examples\APPIMAGE_APP.map
.\hex\examples\APPIMAGE_APP.pac
.\hex\examples\APPIMAGE_APP.sign.img
.\hex\examples\APPIMAGE_APP_prepack.cpio
6 File(s) copied

total: text,rodata,data,bss,code,flash,ram
       1701990,506138,9227,341606,2208128,2217355,350833
size by library to outlib.csv ...
size by object to outobj.csv ...
size by section to outsect.csv ...
        1 file(s) moved.
        1 file(s) moved.
        1 file(s) moved.

Mon 09/11/2023
START TIME:  15:36:49.47
END TIME:    15:38:55.54

